#
# There is insufficient memory for the Java Runtime Environment to continue.
# Native memory allocation (mmap) failed to map 266338304 bytes for Failed to commit area from 0x0000000702a00000 to 0x0000000712800000 of length 266338304.
# Possible reasons:
#   The system is out of physical RAM or swap space
#   The process is running with CompressedOops enabled, and the Java Heap may be blocking the growth of the native heap
# Possible solutions:
#   Reduce memory load on the system
#   Increase physical memory or swap space
#   Check if swap backing store is full
#   Decrease Java heap size (-Xmx/-Xms)
#   Decrease number of Java threads
#   Decrease Java thread stack sizes (-Xss)
#   Set larger code cache with -XX:ReservedCodeCacheSize=
# This output file may be truncated or incomplete.
#
#  Out of Memory Error (./src/hotspot/os/windows/os_windows.cpp:3387), pid=32908, tid=35564
#
# JRE version:  (11.0.14.1+1) (build )
# Java VM: OpenJDK 64-Bit Server VM (11.0.14.1+1, mixed mode, sharing, tiered, compressed oops, g1 gc, windows-amd64)
# No core dump will be written. Minidumps are not enabled by default on client versions of Windows
#

---------------  S U M M A R Y ------------

Command Line: 

Host: 12th Gen Intel(R) Core(TM) i5-12400F, 12 cores, 15G,  Windows 10 , 64 bit Build 19041 (10.0.19041.5072)
Time: Mon Dec  9 16:30:02 2024 中国标准时间 elapsed time: 0.043596 seconds (0d 0h 0m 0s)

---------------  T H R E A D  ---------------

Current thread (0x0000029f67791000):  JavaThread "Unknown thread" [_thread_in_vm, id=35564, stack(0x000000cda1e00000,0x000000cda1f00000)]

Stack: [0x000000cda1e00000,0x000000cda1f00000]
Native frames: (J=compiled Java code, j=interpreted, Vv=VM code, C=native code)
V  [jvm.dll+0x61e59a]
V  [jvm.dll+0x7aaca9]
V  [jvm.dll+0x7ac398]
V  [jvm.dll+0x7aca73]
V  [jvm.dll+0x24f9b8]
V  [jvm.dll+0x61b83a]
V  [jvm.dll+0x6100c5]
V  [jvm.dll+0x30772c]
V  [jvm.dll+0x3075b2]
V  [jvm.dll+0x30c2d6]
V  [jvm.dll+0x35272f]
V  [jvm.dll+0x352160]
V  [jvm.dll+0x2e4728]
V  [jvm.dll+0x2e5886]
V  [jvm.dll+0x784b07]
V  [jvm.dll+0x78628f]
V  [jvm.dll+0x35f479]
V  [jvm.dll+0x767aa0]
V  [jvm.dll+0x3ccf1f]
V  [jvm.dll+0x3cf2b1]
C  [jli.dll+0x5207]
C  [ucrtbase.dll+0x21bb2]
C  [KERNEL32.DLL+0x17374]
C  [ntdll.dll+0x4cc91]


---------------  P R O C E S S  ---------------

Threads class SMR info:
_java_thread_list=0x0000029f654e0b60, length=0, elements={
}

Java Threads: ( => current thread )

Other Threads:
  0x0000029f677a9000 GCTaskThread "GC Thread#0" [stack: 0x000000cda1f00000,0x000000cda2000000] [id=33920]
  0x0000029f67809000 ConcurrentGCThread "G1 Main Marker" [stack: 0x000000cda2000000,0x000000cda2100000] [id=33832]
  0x0000029f6780c800 ConcurrentGCThread "G1 Conc#0" [stack: 0x000000cda2100000,0x000000cda2200000] [id=34336]

[error occurred during error reporting (printing all threads), id 0xc0000005, EXCEPTION_ACCESS_VIOLATION (0xc0000005) at pc=0x00007fff2dad3ef7]

VM state:not at safepoint (not fully initialized)

VM Mutex/Monitor currently owned by a thread:  ([mutex/lock_event])
[0x0000029f6778e4d0] Heap_lock - owner thread: 0x0000029f67791000

Heap address: 0x0000000702a00000, size: 4054 MB, Compressed Oops mode: Non-zero based: 0x0000000702a00000
Narrow klass base: 0x0000000000000000, Narrow klass shift: 0

GC Heap History (0 events):
No events

Deoptimization events (0 events):
No events

Classes redefined (0 events):
No events

Internal exceptions (0 events):
No events

Events (1 events):
Event: 0.030 Loaded shared library D:\UnityEditor\2022.3.30f1\Editor\Data\PlaybackEngines\AndroidPlayer\OpenJDK\bin\zip.dll


Dynamic libraries:
0x00007ff7701e0000 - 0x00007ff7701ed000 	D:\UnityEditor\2022.3.30f1\Editor\Data\PlaybackEngines\AndroidPlayer\OpenJDK\bin\java.exe
0x00007ff800d50000 - 0x00007ff800f48000 	C:\Windows\SYSTEM32\ntdll.dll
0x00007fffff980000 - 0x00007fffffa42000 	C:\Windows\System32\KERNEL32.DLL
0x00007ffffea10000 - 0x00007ffffed0e000 	C:\Windows\System32\KERNELBASE.dll
0x00007ffffe3e0000 - 0x00007ffffe4e0000 	C:\Windows\System32\ucrtbase.dll
0x00007fffdb7e0000 - 0x00007fffdb7f5000 	D:\UnityEditor\2022.3.30f1\Editor\Data\PlaybackEngines\AndroidPlayer\OpenJDK\bin\VCRUNTIME140.dll
0x00007fffdb5d0000 - 0x00007fffdb5e7000 	D:\UnityEditor\2022.3.30f1\Editor\Data\PlaybackEngines\AndroidPlayer\OpenJDK\bin\jli.dll
0x00007ff800030000 - 0x00007ff8001cd000 	C:\Windows\System32\USER32.dll
0x00007ffffe810000 - 0x00007ffffe832000 	C:\Windows\System32\win32u.dll
0x00007fffee9a0000 - 0x00007fffeec3a000 	C:\Windows\WinSxS\amd64_microsoft.windows.common-controls_6595b64144ccf1df_6.0.19041.4355_none_60b8b9eb71f62e16\COMCTL32.dll
0x00007ffffed70000 - 0x00007ffffed9b000 	C:\Windows\System32\GDI32.dll
0x00007ff800740000 - 0x00007ff8007de000 	C:\Windows\System32\msvcrt.dll
0x00007ffffe630000 - 0x00007ffffe747000 	C:\Windows\System32\gdi32full.dll
0x00007ffffe590000 - 0x00007ffffe62d000 	C:\Windows\System32\msvcp_win.dll
0x00007ff800000000 - 0x00007ff80002f000 	C:\Windows\System32\IMM32.DLL
0x00007fffd4440000 - 0x00007fffd44db000 	D:\UnityEditor\2022.3.30f1\Editor\Data\PlaybackEngines\AndroidPlayer\OpenJDK\bin\msvcp140.dll
0x00007fff2d7e0000 - 0x00007fff2e361000 	D:\UnityEditor\2022.3.30f1\Editor\Data\PlaybackEngines\AndroidPlayer\OpenJDK\bin\server\jvm.dll
0x00007ff800460000 - 0x00007ff800511000 	C:\Windows\System32\ADVAPI32.dll
0x00007fffffea0000 - 0x00007ffffff3f000 	C:\Windows\System32\sechost.dll
0x00007fffffb60000 - 0x00007fffffc83000 	C:\Windows\System32\RPCRT4.dll
0x00007ffffe750000 - 0x00007ffffe777000 	C:\Windows\System32\bcrypt.dll
0x00007ff8006d0000 - 0x00007ff8006d8000 	C:\Windows\System32\PSAPI.DLL
0x00007ffff8c20000 - 0x00007ffff8c2a000 	C:\Windows\SYSTEM32\VERSION.dll
0x00007ffff0420000 - 0x00007ffff0447000 	C:\Windows\SYSTEM32\WINMM.dll
0x00007fffecdd0000 - 0x00007fffecdd9000 	C:\Windows\SYSTEM32\WSOCK32.dll
0x00007ff8007e0000 - 0x00007ff80084b000 	C:\Windows\System32\ws2_32.DLL
0x00007ffffc280000 - 0x00007ffffc292000 	C:\Windows\SYSTEM32\kernel.appcore.dll
0x00007ffffabc0000 - 0x00007ffffabd0000 	D:\UnityEditor\2022.3.30f1\Editor\Data\PlaybackEngines\AndroidPlayer\OpenJDK\bin\verify.dll
0x00007fffefab0000 - 0x00007fffefc94000 	C:\Windows\SYSTEM32\DBGHELP.DLL
0x00007fffd3f10000 - 0x00007fffd3f44000 	C:\Windows\SYSTEM32\dbgcore.DLL
0x00007ffffe780000 - 0x00007ffffe802000 	C:\Windows\System32\bcryptPrimitives.dll
0x00007fffda6e0000 - 0x00007fffda708000 	D:\UnityEditor\2022.3.30f1\Editor\Data\PlaybackEngines\AndroidPlayer\OpenJDK\bin\java.dll
0x00007ffff2990000 - 0x00007ffff299a000 	D:\UnityEditor\2022.3.30f1\Editor\Data\PlaybackEngines\AndroidPlayer\OpenJDK\bin\jimage.dll
0x00007fffdb5b0000 - 0x00007fffdb5c8000 	D:\UnityEditor\2022.3.30f1\Editor\Data\PlaybackEngines\AndroidPlayer\OpenJDK\bin\zip.dll

dbghelp: loaded successfully - version: 4.0.5 - missing functions: none
symbol engine: initialized successfully - sym options: 0x614 - pdb path: .;D:\UnityEditor\2022.3.30f1\Editor\Data\PlaybackEngines\AndroidPlayer\OpenJDK\bin;C:\Windows\SYSTEM32;C:\Windows\WinSxS\amd64_microsoft.windows.common-controls_6595b64144ccf1df_6.0.19041.4355_none_60b8b9eb71f62e16;D:\UnityEditor\2022.3.30f1\Editor\Data\PlaybackEngines\AndroidPlayer\OpenJDK\bin\server

VM Arguments:
java_command: <unknown>
java_class_path (initial): <not set>
Launcher Type: SUN_STANDARD

[Global flags]
     intx CICompilerCount                          = 4                                         {product} {ergonomic}
     uint ConcGCThreads                            = 3                                         {product} {ergonomic}
     uint G1ConcRefinementThreads                  = 10                                        {product} {ergonomic}
   size_t G1HeapRegionSize                         = 1048576                                   {product} {ergonomic}
    uintx GCDrainStackTargetSize                   = 64                                        {product} {ergonomic}
   size_t InitialHeapSize                          = 266338304                                 {product} {ergonomic}
   size_t MarkStackSize                            = 4194304                                   {product} {ergonomic}
   size_t MaxHeapSize                              = 4250927104                                {product} {ergonomic}
   size_t MinHeapDeltaBytes                        = 1048576                                   {product} {ergonomic}
    uintx NonNMethodCodeHeapSize                   = 5836300                                {pd product} {ergonomic}
    uintx NonProfiledCodeHeapSize                  = 122910970                              {pd product} {ergonomic}
    uintx ProfiledCodeHeapSize                     = 122910970                              {pd product} {ergonomic}
    uintx ReservedCodeCacheSize                    = 251658240                              {pd product} {ergonomic}
     bool SegmentedCodeCache                       = true                                      {product} {ergonomic}
     bool UseCompressedClassPointers               = true                                 {lp64_product} {ergonomic}
     bool UseCompressedOops                        = true                                 {lp64_product} {ergonomic}
     bool UseG1GC                                  = true                                      {product} {ergonomic}
     bool UseLargePagesIndividualAllocation        = false                                  {pd product} {ergonomic}

Logging:
Log output configuration:
 #0: stdout all=warning uptime,level,tags
 #1: stderr all=off uptime,level,tags

Environment Variables:
JAVA_HOME=D:/UnityEditor/2022.3.30f1/Editor/Data/PlaybackEngines/AndroidPlayer\OpenJDK
PATH=C:\Program Files (x86)\Common Files\Oracle\Java\java8path;C:\Program Files (x86)\Common Files\Oracle\Java\javapath;C:\Windows\system32;C:\Windows;C:\Windows\System32\Wbem;C:\Windows\System32\WindowsPowerShell\v1.0\;C:\Windows\System32\OpenSSH\;C:\Program Files\Common Files\Autodesk Shared\;C:\Program Files\OpenSSL-Win64\bin;C:\Program Files\Java\jdk-1.8\bin;C:\Program Files\Java\jdk-1.8\jre\bin;;C:\Program Files\NVIDIA Corporation\NVIDIA app\NvDLISR;C:\Users\Administrator\AppData\Local\Microsoft\WindowsApps;C:\Users\Administrator\AppData\Local\GitHubDesktop\bin;D:\Microsoft VS Code\bin
USERNAME=Administrator
OS=Windows_NT
PROCESSOR_IDENTIFIER=Intel64 Family 6 Model 151 Stepping 5, GenuineIntel



---------------  S Y S T E M  ---------------

OS: Windows 10 , 64 bit Build 19041 (10.0.19041.5072)
OS uptime: 0 days 7:36 hours

CPU:total 12 (initial active 12) (6 cores per cpu, 2 threads per core) family 6 model 151 stepping 5 microcode 0x25, cmov, cx8, fxsr, mmx, sse, sse2, sse3, ssse3, sse4.1, sse4.2, popcnt, avx, avx2, aes, clmul, erms, 3dnowpref, lzcnt, ht, tsc, tscinvbit, bmi1, bmi2, adx, sha, fma

Memory: 4k page, system-wide physical 16214M (312M free)
TotalPageFile size 36214M (AvailPageFile size 57M)
current process WorkingSet (physical memory assigned to process): 11M, peak: 11M
current process commit charge ("private bytes"): 64M, peak: 318M

vm_info: OpenJDK 64-Bit Server VM (11.0.14.1+1) for windows-amd64 JRE (11.0.14.1+1), built on Feb  9 2022 01:48:27 by "" with unknown MS VC++:1916

END.
