#
# There is insufficient memory for the Java Runtime Environment to continue.
# Native memory allocation (mmap) failed to map 65536 bytes for Failed to commit area from 0x0000020a37790000 to 0x0000020a377a0000 of length 65536.
# Possible reasons:
#   The system is out of physical RAM or swap space
#   The process is running with CompressedOops enabled, and the Java Heap may be blocking the growth of the native heap
# Possible solutions:
#   Reduce memory load on the system
#   Increase physical memory or swap space
#   Check if swap backing store is full
#   Decrease Java heap size (-Xmx/-Xms)
#   Decrease number of Java threads
#   Decrease Java thread stack sizes (-Xss)
#   Set larger code cache with -XX:ReservedCodeCacheSize=
# This output file may be truncated or incomplete.
#
#  Out of Memory Error (./src/hotspot/os/windows/os_windows.cpp:3387), pid=3392, tid=25264
#
# JRE version:  (11.0.14.1+1) (build )
# Java VM: OpenJDK 64-Bit Server VM (11.0.14.1+1, mixed mode, sharing, tiered, compressed oops, g1 gc, windows-amd64)
# No core dump will be written. Minidumps are not enabled by default on client versions of Windows
#

---------------  S U M M A R Y ------------

Command Line: 

Host: 12th Gen Intel(R) Core(TM) i5-12400F, 12 cores, 15G,  Windows 10 , 64 bit Build 19041 (10.0.19041.5198)
Time: Mon Dec 23 18:42:36 2024 中国标准时间 elapsed time: 0.036009 seconds (0d 0h 0m 0s)

---------------  T H R E A D  ---------------

Current thread (0x0000020a1e0c3000):  JavaThread "Unknown thread" [_thread_in_vm, id=25264, stack(0x0000000c85c00000,0x0000000c85d00000)]

Stack: [0x0000000c85c00000,0x0000000c85d00000]
Native frames: (J=compiled Java code, j=interpreted, Vv=VM code, C=native code)
V  [jvm.dll+0x61e59a]
V  [jvm.dll+0x7aaca9]
V  [jvm.dll+0x7ac398]
V  [jvm.dll+0x7aca73]
V  [jvm.dll+0x24f9b8]
V  [jvm.dll+0x61b83a]
V  [jvm.dll+0x6100c5]
V  [jvm.dll+0x30772c]
V  [jvm.dll+0x3075b2]
V  [jvm.dll+0x30c3f0]
V  [jvm.dll+0x352742]
V  [jvm.dll+0x352160]
V  [jvm.dll+0x2e4728]
V  [jvm.dll+0x2e5886]
V  [jvm.dll+0x784b07]
V  [jvm.dll+0x78628f]
V  [jvm.dll+0x35f479]
V  [jvm.dll+0x767aa0]
V  [jvm.dll+0x3ccf1f]
V  [jvm.dll+0x3cf2b1]
C  [jli.dll+0x5207]
C  [ucrtbase.dll+0x21bb2]
C  [KERNEL32.DLL+0x17374]
C  [ntdll.dll+0x4cc91]


---------------  P R O C E S S  ---------------

Threads class SMR info:
_java_thread_list=0x0000020a1bed3f80, length=0, elements={
}

Java Threads: ( => current thread )

Other Threads:
  0x0000020a1e0dc000 GCTaskThread "GC Thread#0" [stack: 0x0000000c85d00000,0x0000000c85e00000] [id=16724]
  0x0000020a1e13a000 ConcurrentGCThread "G1 Main Marker" [stack: 0x0000000c85e00000,0x0000000c85f00000] [id=20368]
  0x0000020a1e13b800 ConcurrentGCThread "G1 Conc#0" [stack: 0x0000000c85f00000,0x0000000c86000000] [id=21576]

[error occurred during error reporting (printing all threads), id 0xc0000005, EXCEPTION_ACCESS_VIOLATION (0xc0000005) at pc=0x00007ffe9c673ef7]

VM state:not at safepoint (not fully initialized)

VM Mutex/Monitor currently owned by a thread:  ([mutex/lock_event])
[0x0000020a1e0c0540] Heap_lock - owner thread: 0x0000020a1e0c3000

Heap address: 0x0000000702a00000, size: 4054 MB, Compressed Oops mode: Non-zero based: 0x0000000702a00000
Narrow klass base: 0x0000000000000000, Narrow klass shift: 0

GC Heap History (0 events):
No events

Deoptimization events (0 events):
No events

Classes redefined (0 events):
No events

Internal exceptions (0 events):
No events

Events (1 events):
Event: 0.024 Loaded shared library D:\UnityEditor\2022.3.30f1\Editor\Data\PlaybackEngines\AndroidPlayer\OpenJDK\bin\zip.dll


Dynamic libraries:
0x00007ff709470000 - 0x00007ff70947d000 	D:\UnityEditor\2022.3.30f1\Editor\Data\PlaybackEngines\AndroidPlayer\OpenJDK\bin\java.exe
0x00007fff26cb0000 - 0x00007fff26ea8000 	C:\Windows\SYSTEM32\ntdll.dll
0x00007fff25320000 - 0x00007fff253e2000 	C:\Windows\System32\KERNEL32.DLL
0x00007fff24520000 - 0x00007fff2481e000 	C:\Windows\System32\KERNELBASE.dll
0x00007fff24820000 - 0x00007fff24920000 	C:\Windows\System32\ucrtbase.dll
0x00007ffefc690000 - 0x00007ffefc6a7000 	D:\UnityEditor\2022.3.30f1\Editor\Data\PlaybackEngines\AndroidPlayer\OpenJDK\bin\jli.dll
0x00007fff26190000 - 0x00007fff2632d000 	C:\Windows\System32\USER32.dll
0x00007ffefc670000 - 0x00007ffefc685000 	D:\UnityEditor\2022.3.30f1\Editor\Data\PlaybackEngines\AndroidPlayer\OpenJDK\bin\VCRUNTIME140.dll
0x00007fff0ebe0000 - 0x00007fff0ee7a000 	C:\Windows\WinSxS\amd64_microsoft.windows.common-controls_6595b64144ccf1df_6.0.19041.4355_none_60b8b9eb71f62e16\COMCTL32.dll
0x00007fff24c00000 - 0x00007fff24c22000 	C:\Windows\System32\win32u.dll
0x00007fff253f0000 - 0x00007fff2548e000 	C:\Windows\System32\msvcrt.dll
0x00007fff26740000 - 0x00007fff2676b000 	C:\Windows\System32\GDI32.dll
0x00007fff24400000 - 0x00007fff24517000 	C:\Windows\System32\gdi32full.dll
0x00007fff24c30000 - 0x00007fff24ccd000 	C:\Windows\System32\msvcp_win.dll
0x00007fff26130000 - 0x00007fff2615f000 	C:\Windows\System32\IMM32.DLL
0x00007ffef12e0000 - 0x00007ffef137b000 	D:\UnityEditor\2022.3.30f1\Editor\Data\PlaybackEngines\AndroidPlayer\OpenJDK\bin\msvcp140.dll
0x00007ffe9c380000 - 0x00007ffe9cf01000 	D:\UnityEditor\2022.3.30f1\Editor\Data\PlaybackEngines\AndroidPlayer\OpenJDK\bin\server\jvm.dll
0x00007fff25260000 - 0x00007fff25311000 	C:\Windows\System32\ADVAPI32.dll
0x00007fff26430000 - 0x00007fff264cf000 	C:\Windows\System32\sechost.dll
0x00007fff26b40000 - 0x00007fff26c63000 	C:\Windows\System32\RPCRT4.dll
0x00007fff24970000 - 0x00007fff24997000 	C:\Windows\System32\bcrypt.dll
0x00007fff26120000 - 0x00007fff26128000 	C:\Windows\System32\PSAPI.DLL
0x00007fff16080000 - 0x00007fff160a7000 	C:\Windows\SYSTEM32\WINMM.dll
0x00007fff1e780000 - 0x00007fff1e78a000 	C:\Windows\SYSTEM32\VERSION.dll
0x00007fff0c9a0000 - 0x00007fff0c9a9000 	C:\Windows\SYSTEM32\WSOCK32.dll
0x00007fff263c0000 - 0x00007fff2642b000 	C:\Windows\System32\ws2_32.DLL
0x00007fff221f0000 - 0x00007fff22202000 	C:\Windows\SYSTEM32\kernel.appcore.dll
0x00007fff21040000 - 0x00007fff21050000 	D:\UnityEditor\2022.3.30f1\Editor\Data\PlaybackEngines\AndroidPlayer\OpenJDK\bin\verify.dll
0x00007fff15710000 - 0x00007fff158f4000 	C:\Windows\SYSTEM32\DBGHELP.DLL
0x00007ffefcd90000 - 0x00007ffefcdc4000 	C:\Windows\SYSTEM32\dbgcore.DLL
0x00007fff24b70000 - 0x00007fff24bf2000 	C:\Windows\System32\bcryptPrimitives.dll
0x00007ffef12b0000 - 0x00007ffef12d8000 	D:\UnityEditor\2022.3.30f1\Editor\Data\PlaybackEngines\AndroidPlayer\OpenJDK\bin\java.dll
0x00007fff21020000 - 0x00007fff2102a000 	D:\UnityEditor\2022.3.30f1\Editor\Data\PlaybackEngines\AndroidPlayer\OpenJDK\bin\jimage.dll
0x00007ffefc650000 - 0x00007ffefc668000 	D:\UnityEditor\2022.3.30f1\Editor\Data\PlaybackEngines\AndroidPlayer\OpenJDK\bin\zip.dll

dbghelp: loaded successfully - version: 4.0.5 - missing functions: none
symbol engine: initialized successfully - sym options: 0x614 - pdb path: .;D:\UnityEditor\2022.3.30f1\Editor\Data\PlaybackEngines\AndroidPlayer\OpenJDK\bin;C:\Windows\SYSTEM32;C:\Windows\WinSxS\amd64_microsoft.windows.common-controls_6595b64144ccf1df_6.0.19041.4355_none_60b8b9eb71f62e16;D:\UnityEditor\2022.3.30f1\Editor\Data\PlaybackEngines\AndroidPlayer\OpenJDK\bin\server

VM Arguments:
java_command: <unknown>
java_class_path (initial): <not set>
Launcher Type: SUN_STANDARD

[Global flags]
     intx CICompilerCount                          = 4                                         {product} {ergonomic}
     uint ConcGCThreads                            = 3                                         {product} {ergonomic}
     uint G1ConcRefinementThreads                  = 10                                        {product} {ergonomic}
   size_t G1HeapRegionSize                         = 1048576                                   {product} {ergonomic}
    uintx GCDrainStackTargetSize                   = 64                                        {product} {ergonomic}
   size_t InitialHeapSize                          = 266338304                                 {product} {ergonomic}
   size_t MarkStackSize                            = 4194304                                   {product} {ergonomic}
   size_t MaxHeapSize                              = 4250927104                                {product} {ergonomic}
   size_t MinHeapDeltaBytes                        = 1048576                                   {product} {ergonomic}
    uintx NonNMethodCodeHeapSize                   = 5836300                                {pd product} {ergonomic}
    uintx NonProfiledCodeHeapSize                  = 122910970                              {pd product} {ergonomic}
    uintx ProfiledCodeHeapSize                     = 122910970                              {pd product} {ergonomic}
    uintx ReservedCodeCacheSize                    = 251658240                              {pd product} {ergonomic}
     bool SegmentedCodeCache                       = true                                      {product} {ergonomic}
     bool UseCompressedClassPointers               = true                                 {lp64_product} {ergonomic}
     bool UseCompressedOops                        = true                                 {lp64_product} {ergonomic}
     bool UseG1GC                                  = true                                      {product} {ergonomic}
     bool UseLargePagesIndividualAllocation        = false                                  {pd product} {ergonomic}

Logging:
Log output configuration:
 #0: stdout all=warning uptime,level,tags
 #1: stderr all=off uptime,level,tags

Environment Variables:
JAVA_HOME=D:/UnityEditor/2022.3.30f1/Editor/Data/PlaybackEngines/AndroidPlayer\OpenJDK
PATH=C:\Program Files (x86)\Common Files\Oracle\Java\java8path;C:\Program Files (x86)\Common Files\Oracle\Java\javapath;C:\Windows\system32;C:\Windows;C:\Windows\System32\Wbem;C:\Windows\System32\WindowsPowerShell\v1.0\;C:\Windows\System32\OpenSSH\;C:\Program Files\Common Files\Autodesk Shared\;C:\Program Files\OpenSSL-Win64\bin;C:\Program Files\Java\jdk-1.8\bin;C:\Program Files\Java\jdk-1.8\jre\bin;;C:\Program Files\NVIDIA Corporation\NVIDIA app\NvDLISR;C:\Users\Administrator\AppData\Local\Microsoft\WindowsApps;C:\Users\Administrator\AppData\Local\GitHubDesktop\bin;D:\Microsoft VS Code\bin
USERNAME=Administrator
OS=Windows_NT
PROCESSOR_IDENTIFIER=Intel64 Family 6 Model 151 Stepping 5, GenuineIntel



---------------  S Y S T E M  ---------------

OS: Windows 10 , 64 bit Build 19041 (10.0.19041.5198)
OS uptime: 0 days 9:46 hours

CPU:total 12 (initial active 12) (6 cores per cpu, 2 threads per core) family 6 model 151 stepping 5 microcode 0x25, cmov, cx8, fxsr, mmx, sse, sse2, sse3, ssse3, sse4.1, sse4.2, popcnt, avx, avx2, aes, clmul, erms, 3dnowpref, lzcnt, ht, tsc, tscinvbit, bmi1, bmi2, adx, sha, fma

Memory: 4k page, system-wide physical 16214M (946M free)
TotalPageFile size 36214M (AvailPageFile size 5M)
current process WorkingSet (physical memory assigned to process): 11M, peak: 11M
current process commit charge ("private bytes"): 321M, peak: 321M

vm_info: OpenJDK 64-Bit Server VM (11.0.14.1+1) for windows-amd64 JRE (11.0.14.1+1), built on Feb  9 2022 01:48:27 by "" with unknown MS VC++:1916

END.
