#
# There is insufficient memory for the Java Runtime Environment to continue.
# Native memory allocation (mmap) failed to map 266338304 bytes for Failed to commit area from 0x0000000702a00000 to 0x0000000712800000 of length 266338304.
# Possible reasons:
#   The system is out of physical RAM or swap space
#   The process is running with CompressedOops enabled, and the Java Heap may be blocking the growth of the native heap
# Possible solutions:
#   Reduce memory load on the system
#   Increase physical memory or swap space
#   Check if swap backing store is full
#   Decrease Java heap size (-Xmx/-Xms)
#   Decrease number of Java threads
#   Decrease Java thread stack sizes (-Xss)
#   Set larger code cache with -XX:ReservedCodeCacheSize=
# This output file may be truncated or incomplete.
#
#  Out of Memory Error (./src/hotspot/os/windows/os_windows.cpp:3387), pid=18036, tid=20052
#
# JRE version:  (11.0.14.1+1) (build )
# Java VM: OpenJDK 64-Bit Server VM (11.0.14.1+1, mixed mode, sharing, tiered, compressed oops, g1 gc, windows-amd64)
# No core dump will be written. Minidumps are not enabled by default on client versions of Windows
#

---------------  S U M M A R Y ------------

Command Line: 

Host: 12th Gen Intel(R) Core(TM) i5-12400F, 12 cores, 15G,  Windows 10 , 64 bit Build 19041 (10.0.19041.2908)
Time: Fri Aug  9 11:55:09 2024 中国标准时间 elapsed time: 0.010889 seconds (0d 0h 0m 0s)

---------------  T H R E A D  ---------------

Current thread (0x0000028239d4a000):  JavaThread "Unknown thread" [_thread_in_vm, id=20052, stack(0x000000c4d0600000,0x000000c4d0700000)]

Stack: [0x000000c4d0600000,0x000000c4d0700000]
Native frames: (J=compiled Java code, j=interpreted, Vv=VM code, C=native code)
V  [jvm.dll+0x61e59a]
V  [jvm.dll+0x7aaca9]
V  [jvm.dll+0x7ac398]
V  [jvm.dll+0x7aca73]
V  [jvm.dll+0x24f9b8]
V  [jvm.dll+0x61b83a]
V  [jvm.dll+0x6100c5]
V  [jvm.dll+0x30772c]
V  [jvm.dll+0x3075b2]
V  [jvm.dll+0x30c2d6]
V  [jvm.dll+0x35272f]
V  [jvm.dll+0x352160]
V  [jvm.dll+0x2e4728]
V  [jvm.dll+0x2e5886]
V  [jvm.dll+0x784b07]
V  [jvm.dll+0x78628f]
V  [jvm.dll+0x35f479]
V  [jvm.dll+0x767aa0]
V  [jvm.dll+0x3ccf1f]
V  [jvm.dll+0x3cf2b1]
C  [jli.dll+0x5207]
C  [ucrtbase.dll+0x21bb2]
C  [KERNEL32.DLL+0x17614]
C  [ntdll.dll+0x526a1]


---------------  P R O C E S S  ---------------

Threads class SMR info:
_java_thread_list=0x0000028239bb1840, length=0, elements={
}

Java Threads: ( => current thread )

Other Threads:
  0x0000028239d62800 GCTaskThread "GC Thread#0" [stack: 0x000000c4d0700000,0x000000c4d0800000] [id=15212]
  0x0000028239dc0000 ConcurrentGCThread "G1 Main Marker" [stack: 0x000000c4d0800000,0x000000c4d0900000] [id=7940]
  0x0000028239dc1800 ConcurrentGCThread "G1 Conc#0" [stack: 0x000000c4d0900000,0x000000c4d0a00000] [id=24156]

[error occurred during error reporting (printing all threads), id 0xc0000005, EXCEPTION_ACCESS_VIOLATION (0xc0000005) at pc=0x00007ffde2353ef7]

VM state:not at safepoint (not fully initialized)

VM Mutex/Monitor currently owned by a thread:  ([mutex/lock_event])
[0x0000028239d46c40] Heap_lock - owner thread: 0x0000028239d4a000

Heap address: 0x0000000702a00000, size: 4054 MB, Compressed Oops mode: Non-zero based: 0x0000000702a00000
Narrow klass base: 0x0000000000000000, Narrow klass shift: 0

GC Heap History (0 events):
No events

Deoptimization events (0 events):
No events

Classes redefined (0 events):
No events

Internal exceptions (0 events):
No events

Events (1 events):
Event: 0.007 Loaded shared library D:\UnityEditor\2022.3.30f1\Editor\Data\PlaybackEngines\AndroidPlayer\OpenJDK\bin\zip.dll


Dynamic libraries:
0x00007ff6613a0000 - 0x00007ff6613ad000 	D:\UnityEditor\2022.3.30f1\Editor\Data\PlaybackEngines\AndroidPlayer\OpenJDK\bin\java.exe
0x00007ffebc0f0000 - 0x00007ffebc2e8000 	C:\Windows\SYSTEM32\ntdll.dll
0x00007ffeba2d0000 - 0x00007ffeba38f000 	C:\Windows\System32\KERNEL32.DLL
0x00007ffeb9b80000 - 0x00007ffeb9e76000 	C:\Windows\System32\KERNELBASE.dll
0x00007ffeb97d0000 - 0x00007ffeb98d0000 	C:\Windows\System32\ucrtbase.dll
0x00007ffe90950000 - 0x00007ffe90967000 	D:\UnityEditor\2022.3.30f1\Editor\Data\PlaybackEngines\AndroidPlayer\OpenJDK\bin\jli.dll
0x00007ffea1100000 - 0x00007ffea1115000 	D:\UnityEditor\2022.3.30f1\Editor\Data\PlaybackEngines\AndroidPlayer\OpenJDK\bin\VCRUNTIME140.dll
0x00007ffebb4d0000 - 0x00007ffebb66d000 	C:\Windows\System32\USER32.dll
0x00007ffea80e0000 - 0x00007ffea837a000 	C:\Windows\WinSxS\amd64_microsoft.windows.common-controls_6595b64144ccf1df_6.0.19041.1110_none_60b5254171f9507e\COMCTL32.dll
0x00007ffeb9e80000 - 0x00007ffeb9ea2000 	C:\Windows\System32\win32u.dll
0x00007ffeba2a0000 - 0x00007ffeba2cc000 	C:\Windows\System32\GDI32.dll
0x00007ffebab30000 - 0x00007ffebabce000 	C:\Windows\System32\msvcrt.dll
0x00007ffeb9900000 - 0x00007ffeb9a15000 	C:\Windows\System32\gdi32full.dll
0x00007ffeba000000 - 0x00007ffeba09d000 	C:\Windows\System32\msvcp_win.dll
0x00007ffebbb70000 - 0x00007ffebbba0000 	C:\Windows\System32\IMM32.DLL
0x00007ffdf81e0000 - 0x00007ffdf827b000 	D:\UnityEditor\2022.3.30f1\Editor\Data\PlaybackEngines\AndroidPlayer\OpenJDK\bin\msvcp140.dll
0x00007ffde2060000 - 0x00007ffde2be1000 	D:\UnityEditor\2022.3.30f1\Editor\Data\PlaybackEngines\AndroidPlayer\OpenJDK\bin\server\jvm.dll
0x00007ffeba1f0000 - 0x00007ffeba29f000 	C:\Windows\System32\ADVAPI32.dll
0x00007ffeba150000 - 0x00007ffeba1ec000 	C:\Windows\System32\sechost.dll
0x00007ffeba390000 - 0x00007ffeba4b6000 	C:\Windows\System32\RPCRT4.dll
0x00007ffebbf50000 - 0x00007ffebbf58000 	C:\Windows\System32\PSAPI.DLL
0x00007ffea6d10000 - 0x00007ffea6d19000 	C:\Windows\SYSTEM32\WSOCK32.dll
0x00007ffeaed20000 - 0x00007ffeaed47000 	C:\Windows\SYSTEM32\WINMM.dll
0x00007ffeb4310000 - 0x00007ffeb431a000 	C:\Windows\SYSTEM32\VERSION.dll
0x00007ffebb7a0000 - 0x00007ffebb80b000 	C:\Windows\System32\WS2_32.dll
0x00007ffeb76b0000 - 0x00007ffeb76c2000 	C:\Windows\SYSTEM32\kernel.appcore.dll
0x00007ffe93010000 - 0x00007ffe93020000 	D:\UnityEditor\2022.3.30f1\Editor\Data\PlaybackEngines\AndroidPlayer\OpenJDK\bin\verify.dll
0x00007ffead630000 - 0x00007ffead814000 	C:\Windows\SYSTEM32\DBGHELP.DLL
0x00007ffe9f030000 - 0x00007ffe9f064000 	C:\Windows\SYSTEM32\dbgcore.DLL
0x00007ffeb9f70000 - 0x00007ffeb9ff2000 	C:\Windows\System32\bcryptPrimitives.dll
0x00007ffe51ec0000 - 0x00007ffe51ee8000 	D:\UnityEditor\2022.3.30f1\Editor\Data\PlaybackEngines\AndroidPlayer\OpenJDK\bin\java.dll
0x00007ffe90940000 - 0x00007ffe9094a000 	D:\UnityEditor\2022.3.30f1\Editor\Data\PlaybackEngines\AndroidPlayer\OpenJDK\bin\jimage.dll
0x00007ffe51ea0000 - 0x00007ffe51eb8000 	D:\UnityEditor\2022.3.30f1\Editor\Data\PlaybackEngines\AndroidPlayer\OpenJDK\bin\zip.dll

dbghelp: loaded successfully - version: 4.0.5 - missing functions: none
symbol engine: initialized successfully - sym options: 0x614 - pdb path: .;D:\UnityEditor\2022.3.30f1\Editor\Data\PlaybackEngines\AndroidPlayer\OpenJDK\bin;C:\Windows\SYSTEM32;C:\Windows\WinSxS\amd64_microsoft.windows.common-controls_6595b64144ccf1df_6.0.19041.1110_none_60b5254171f9507e;D:\UnityEditor\2022.3.30f1\Editor\Data\PlaybackEngines\AndroidPlayer\OpenJDK\bin\server

VM Arguments:
java_command: <unknown>
java_class_path (initial): <not set>
Launcher Type: SUN_STANDARD

[Global flags]
     intx CICompilerCount                          = 4                                         {product} {ergonomic}
     uint ConcGCThreads                            = 3                                         {product} {ergonomic}
     uint G1ConcRefinementThreads                  = 10                                        {product} {ergonomic}
   size_t G1HeapRegionSize                         = 1048576                                   {product} {ergonomic}
    uintx GCDrainStackTargetSize                   = 64                                        {product} {ergonomic}
   size_t InitialHeapSize                          = 266338304                                 {product} {ergonomic}
   size_t MarkStackSize                            = 4194304                                   {product} {ergonomic}
   size_t MaxHeapSize                              = 4250927104                                {product} {ergonomic}
   size_t MinHeapDeltaBytes                        = 1048576                                   {product} {ergonomic}
    uintx NonNMethodCodeHeapSize                   = 5836300                                {pd product} {ergonomic}
    uintx NonProfiledCodeHeapSize                  = 122910970                              {pd product} {ergonomic}
    uintx ProfiledCodeHeapSize                     = 122910970                              {pd product} {ergonomic}
    uintx ReservedCodeCacheSize                    = 251658240                              {pd product} {ergonomic}
     bool SegmentedCodeCache                       = true                                      {product} {ergonomic}
     bool UseCompressedClassPointers               = true                                 {lp64_product} {ergonomic}
     bool UseCompressedOops                        = true                                 {lp64_product} {ergonomic}
     bool UseG1GC                                  = true                                      {product} {ergonomic}
     bool UseLargePagesIndividualAllocation        = false                                  {pd product} {ergonomic}

Logging:
Log output configuration:
 #0: stdout all=warning uptime,level,tags
 #1: stderr all=off uptime,level,tags

Environment Variables:
JAVA_HOME=D:/UnityEditor/2022.3.30f1/Editor/Data/PlaybackEngines/AndroidPlayer\OpenJDK
PATH=C:\Program Files (x86)\Common Files\Oracle\Java\java8path;C:\Program Files (x86)\Common Files\Oracle\Java\javapath;C:\Windows\system32;C:\Windows;C:\Windows\System32\Wbem;C:\Windows\System32\WindowsPowerShell\v1.0\;C:\Windows\System32\OpenSSH\;C:\Program Files (x86)\NVIDIA Corporation\PhysX\Common;C:\Program Files\Common Files\Autodesk Shared\;C:\Program Files\OpenSSL-Win64\bin;C:\Program Files\Java\jdk-1.8\bin;C:\Program Files\Java\jdk-1.8\jre\bin;C:\Users\Administrator\AppData\Local\Microsoft\WindowsApps;C:\Users\Administrator\AppData\Local\GitHubDesktop\bin;D:\Microsoft VS Code\bin
USERNAME=Administrator
OS=Windows_NT
PROCESSOR_IDENTIFIER=Intel64 Family 6 Model 151 Stepping 5, GenuineIntel



---------------  S Y S T E M  ---------------

OS: Windows 10 , 64 bit Build 19041 (10.0.19041.2908)
OS uptime: 0 days 2:59 hours

CPU:total 12 (initial active 12) (6 cores per cpu, 2 threads per core) family 6 model 151 stepping 5 microcode 0x25, cmov, cx8, fxsr, mmx, sse, sse2, sse3, ssse3, sse4.1, sse4.2, popcnt, avx, avx2, aes, clmul, erms, 3dnowpref, lzcnt, ht, tsc, tscinvbit, bmi1, bmi2, adx, sha, fma

Memory: 4k page, system-wide physical 16214M (700M free)
TotalPageFile size 22719M (AvailPageFile size 125M)
current process WorkingSet (physical memory assigned to process): 10M, peak: 10M
current process commit charge ("private bytes"): 64M, peak: 318M

vm_info: OpenJDK 64-Bit Server VM (11.0.14.1+1) for windows-amd64 JRE (11.0.14.1+1), built on Feb  9 2022 01:48:27 by "" with unknown MS VC++:1916

END.
