#
# There is insufficient memory for the Java Runtime Environment to continue.
# Native memory allocation (mmap) failed to map 266338304 bytes for Failed to commit area from 0x0000000702a00000 to 0x0000000712800000 of length 266338304.
# Possible reasons:
#   The system is out of physical RAM or swap space
#   The process is running with CompressedOops enabled, and the Java Heap may be blocking the growth of the native heap
# Possible solutions:
#   Reduce memory load on the system
#   Increase physical memory or swap space
#   Check if swap backing store is full
#   Decrease Java heap size (-Xmx/-Xms)
#   Decrease number of Java threads
#   Decrease Java thread stack sizes (-Xss)
#   Set larger code cache with -XX:ReservedCodeCacheSize=
# This output file may be truncated or incomplete.
#
#  Out of Memory Error (./src/hotspot/os/windows/os_windows.cpp:3387), pid=34536, tid=25996
#
# JRE version:  (11.0.14.1+1) (build )
# Java VM: OpenJDK 64-Bit Server VM (11.0.14.1+1, mixed mode, sharing, tiered, compressed oops, g1 gc, windows-amd64)
# No core dump will be written. Minidumps are not enabled by default on client versions of Windows
#

---------------  S U M M A R Y ------------

Command Line: 

Host: 12th Gen Intel(R) Core(TM) i5-12400F, 12 cores, 15G,  Windows 10 , 64 bit Build 19041 (10.0.19041.2908)
Time: Thu May  8 14:07:16 2025 中国标准时间 elapsed time: 0.007416 seconds (0d 0h 0m 0s)

---------------  T H R E A D  ---------------

Current thread (0x000001d53dd37000):  JavaThread "Unknown thread" [_thread_in_vm, id=25996, stack(0x0000004e15000000,0x0000004e15100000)]

Stack: [0x0000004e15000000,0x0000004e15100000]
Native frames: (J=compiled Java code, j=interpreted, Vv=VM code, C=native code)
V  [jvm.dll+0x61e59a]
V  [jvm.dll+0x7aaca9]
V  [jvm.dll+0x7ac398]
V  [jvm.dll+0x7aca73]
V  [jvm.dll+0x24f9b8]
V  [jvm.dll+0x61b83a]
V  [jvm.dll+0x6100c5]
V  [jvm.dll+0x30772c]
V  [jvm.dll+0x3075b2]
V  [jvm.dll+0x30c2d6]
V  [jvm.dll+0x35272f]
V  [jvm.dll+0x352160]
V  [jvm.dll+0x2e4728]
V  [jvm.dll+0x2e5886]
V  [jvm.dll+0x784b07]
V  [jvm.dll+0x78628f]
V  [jvm.dll+0x35f479]
V  [jvm.dll+0x767aa0]
V  [jvm.dll+0x3ccf1f]
V  [jvm.dll+0x3cf2b1]
C  [jli.dll+0x5207]
C  [ucrtbase.dll+0x21bb2]
C  [KERNEL32.DLL+0x17614]
C  [ntdll.dll+0x526a1]


---------------  P R O C E S S  ---------------

Threads class SMR info:
_java_thread_list=0x000001d53db61a70, length=0, elements={
}

Java Threads: ( => current thread )

Other Threads:
  0x000001d53dd4e800 GCTaskThread "GC Thread#0" [stack: 0x0000004e15100000,0x0000004e15200000] [id=13984]
  0x000001d53ddab000 ConcurrentGCThread "G1 Main Marker" [stack: 0x0000004e15200000,0x0000004e15300000] [id=31128]
  0x000001d53ddac800 ConcurrentGCThread "G1 Conc#0" [stack: 0x0000004e15300000,0x0000004e15400000] [id=21148]

[error occurred during error reporting (printing all threads), id 0xc0000005, EXCEPTION_ACCESS_VIOLATION (0xc0000005) at pc=0x00007ff87ff53ef7]

VM state:not at safepoint (not fully initialized)

VM Mutex/Monitor currently owned by a thread:  ([mutex/lock_event])
[0x000001d53dd32cf0] Heap_lock - owner thread: 0x000001d53dd37000

Heap address: 0x0000000702a00000, size: 4054 MB, Compressed Oops mode: Non-zero based: 0x0000000702a00000
Narrow klass base: 0x0000000000000000, Narrow klass shift: 0

GC Heap History (0 events):
No events

Deoptimization events (0 events):
No events

Classes redefined (0 events):
No events

Internal exceptions (0 events):
No events

Events (1 events):
Event: 0.004 Loaded shared library E:\Unity Editor\2022.3.30f1\Editor\Data\PlaybackEngines\AndroidPlayer\OpenJDK\bin\zip.dll


Dynamic libraries:
0x00007ff752a30000 - 0x00007ff752a3d000 	E:\Unity Editor\2022.3.30f1\Editor\Data\PlaybackEngines\AndroidPlayer\OpenJDK\bin\java.exe
0x00007ff93c550000 - 0x00007ff93c748000 	C:\Windows\SYSTEM32\ntdll.dll
0x00007ff93acc0000 - 0x00007ff93ad7f000 	C:\Windows\System32\KERNEL32.DLL
0x00007ff93a280000 - 0x00007ff93a576000 	C:\Windows\System32\KERNELBASE.dll
0x00007ff939ca0000 - 0x00007ff939da0000 	C:\Windows\System32\ucrtbase.dll
0x00007ff884f20000 - 0x00007ff884f37000 	E:\Unity Editor\2022.3.30f1\Editor\Data\PlaybackEngines\AndroidPlayer\OpenJDK\bin\jli.dll
0x00007ff885150000 - 0x00007ff885165000 	E:\Unity Editor\2022.3.30f1\Editor\Data\PlaybackEngines\AndroidPlayer\OpenJDK\bin\VCRUNTIME140.dll
0x00007ff93b810000 - 0x00007ff93b9ad000 	C:\Windows\System32\USER32.dll
0x00007ff93a580000 - 0x00007ff93a5a2000 	C:\Windows\System32\win32u.dll
0x00007ff9281d0000 - 0x00007ff92846a000 	C:\Windows\WinSxS\amd64_microsoft.windows.common-controls_6595b64144ccf1df_6.0.19041.1110_none_60b5254171f9507e\COMCTL32.dll
0x00007ff93a6d0000 - 0x00007ff93a6fc000 	C:\Windows\System32\GDI32.dll
0x00007ff93b110000 - 0x00007ff93b1ae000 	C:\Windows\System32\msvcrt.dll
0x00007ff939fc0000 - 0x00007ff93a0d5000 	C:\Windows\System32\gdi32full.dll
0x00007ff93a190000 - 0x00007ff93a22d000 	C:\Windows\System32\msvcp_win.dll
0x00007ff93bce0000 - 0x00007ff93bd10000 	C:\Windows\System32\IMM32.DLL
0x00007ff884e80000 - 0x00007ff884f1b000 	E:\Unity Editor\2022.3.30f1\Editor\Data\PlaybackEngines\AndroidPlayer\OpenJDK\bin\msvcp140.dll
0x00007ff87fc60000 - 0x00007ff8807e1000 	E:\Unity Editor\2022.3.30f1\Editor\Data\PlaybackEngines\AndroidPlayer\OpenJDK\bin\server\jvm.dll
0x00007ff93b700000 - 0x00007ff93b7af000 	C:\Windows\System32\ADVAPI32.dll
0x00007ff93a610000 - 0x00007ff93a6ac000 	C:\Windows\System32\sechost.dll
0x00007ff93a700000 - 0x00007ff93a826000 	C:\Windows\System32\RPCRT4.dll
0x00007ff93a830000 - 0x00007ff93a838000 	C:\Windows\System32\PSAPI.DLL
0x00007ff9169f0000 - 0x00007ff9169f9000 	C:\Windows\SYSTEM32\WSOCK32.dll
0x00007ff934540000 - 0x00007ff93454a000 	C:\Windows\SYSTEM32\VERSION.dll
0x00007ff92ea80000 - 0x00007ff92eaa7000 	C:\Windows\SYSTEM32\WINMM.dll
0x00007ff93b690000 - 0x00007ff93b6fb000 	C:\Windows\System32\WS2_32.dll
0x00007ff9384d0000 - 0x00007ff9384e2000 	C:\Windows\SYSTEM32\kernel.appcore.dll
0x00007ff885060000 - 0x00007ff885070000 	E:\Unity Editor\2022.3.30f1\Editor\Data\PlaybackEngines\AndroidPlayer\OpenJDK\bin\verify.dll
0x00007ff9376e0000 - 0x00007ff9378c4000 	C:\Windows\SYSTEM32\DBGHELP.DLL
0x00007ff920ce0000 - 0x00007ff920d14000 	C:\Windows\SYSTEM32\dbgcore.DLL
0x00007ff939da0000 - 0x00007ff939e22000 	C:\Windows\System32\bcryptPrimitives.dll
0x00007ff884e50000 - 0x00007ff884e78000 	E:\Unity Editor\2022.3.30f1\Editor\Data\PlaybackEngines\AndroidPlayer\OpenJDK\bin\java.dll
0x00007ff884e40000 - 0x00007ff884e4a000 	E:\Unity Editor\2022.3.30f1\Editor\Data\PlaybackEngines\AndroidPlayer\OpenJDK\bin\jimage.dll
0x00007ff884e20000 - 0x00007ff884e38000 	E:\Unity Editor\2022.3.30f1\Editor\Data\PlaybackEngines\AndroidPlayer\OpenJDK\bin\zip.dll

dbghelp: loaded successfully - version: 4.0.5 - missing functions: none
symbol engine: initialized successfully - sym options: 0x614 - pdb path: .;E:\Unity Editor\2022.3.30f1\Editor\Data\PlaybackEngines\AndroidPlayer\OpenJDK\bin;C:\Windows\SYSTEM32;C:\Windows\WinSxS\amd64_microsoft.windows.common-controls_6595b64144ccf1df_6.0.19041.1110_none_60b5254171f9507e;E:\Unity Editor\2022.3.30f1\Editor\Data\PlaybackEngines\AndroidPlayer\OpenJDK\bin\server

VM Arguments:
java_command: <unknown>
java_class_path (initial): <not set>
Launcher Type: SUN_STANDARD

[Global flags]
     intx CICompilerCount                          = 4                                         {product} {ergonomic}
     uint ConcGCThreads                            = 3                                         {product} {ergonomic}
     uint G1ConcRefinementThreads                  = 10                                        {product} {ergonomic}
   size_t G1HeapRegionSize                         = 1048576                                   {product} {ergonomic}
    uintx GCDrainStackTargetSize                   = 64                                        {product} {ergonomic}
   size_t InitialHeapSize                          = 266338304                                 {product} {ergonomic}
   size_t MarkStackSize                            = 4194304                                   {product} {ergonomic}
   size_t MaxHeapSize                              = 4250927104                                {product} {ergonomic}
   size_t MinHeapDeltaBytes                        = 1048576                                   {product} {ergonomic}
    uintx NonNMethodCodeHeapSize                   = 5836300                                {pd product} {ergonomic}
    uintx NonProfiledCodeHeapSize                  = 122910970                              {pd product} {ergonomic}
    uintx ProfiledCodeHeapSize                     = 122910970                              {pd product} {ergonomic}
    uintx ReservedCodeCacheSize                    = 251658240                              {pd product} {ergonomic}
     bool SegmentedCodeCache                       = true                                      {product} {ergonomic}
     bool UseCompressedClassPointers               = true                                 {lp64_product} {ergonomic}
     bool UseCompressedOops                        = true                                 {lp64_product} {ergonomic}
     bool UseG1GC                                  = true                                      {product} {ergonomic}
     bool UseLargePagesIndividualAllocation        = false                                  {pd product} {ergonomic}

Logging:
Log output configuration:
 #0: stdout all=warning uptime,level,tags
 #1: stderr all=off uptime,level,tags

Environment Variables:
JAVA_HOME=E:/Unity Editor/2022.3.30f1/Editor/Data/PlaybackEngines/AndroidPlayer\OpenJDK
PATH=C:\Windows\system32;C:\Windows;C:\Windows\System32\Wbem;C:\Windows\System32\WindowsPowerShell\v1.0\;C:\Windows\System32\OpenSSH\;C:\Program Files (x86)\NVIDIA Corporation\PhysX\Common;C:\Program Files\Microsoft SQL Server\150\Tools\Binn\;C:\Program Files\dotnet\;E:\U Software\Git\Git\cmd;C:\Users\Administrator\AppData\Local\Microsoft\WindowsApps;C:\Users\Administrator\.dotnet\tools;C:\Users\Administrator\AppData\Local\GitHubDesktop\bin;E:\Unity Editor\2022.3.30f1\Editor\Data\PlaybackEngines\AndroidPlayer\OpenJDK\bin;
USERNAME=Administrator
OS=Windows_NT
PROCESSOR_IDENTIFIER=Intel64 Family 6 Model 151 Stepping 5, GenuineIntel



---------------  S Y S T E M  ---------------

OS: Windows 10 , 64 bit Build 19041 (10.0.19041.2908)
OS uptime: 1 days 4:16 hours

CPU:total 12 (initial active 12) (6 cores per cpu, 2 threads per core) family 6 model 151 stepping 5 microcode 0x25, cmov, cx8, fxsr, mmx, sse, sse2, sse3, ssse3, sse4.1, sse4.2, popcnt, avx, avx2, aes, clmul, erms, 3dnowpref, lzcnt, ht, tsc, tscinvbit, bmi1, bmi2, adx, sha, fma

Memory: 4k page, system-wide physical 16214M (593M free)
TotalPageFile size 36214M (AvailPageFile size 24M)
current process WorkingSet (physical memory assigned to process): 10M, peak: 10M
current process commit charge ("private bytes"): 64M, peak: 318M

vm_info: OpenJDK 64-Bit Server VM (11.0.14.1+1) for windows-amd64 JRE (11.0.14.1+1), built on Feb  9 2022 01:48:27 by "" with unknown MS VC++:1916

END.
